<?xml version="1.0" encoding="UTF-8"?>
<testsuite xmlns:xsi="http://www.w3.org/2001/XMLSchema-instance" xsi:noNamespaceSchemaLocation="https://maven.apache.org/surefire/maven-surefire-plugin/xsd/surefire-test-report-3.0.xsd" version="3.0" name="br.com.Pagamento.PagamentoApplicationTests" time="2.53" tests="1" errors="0" skipped="0" failures="0">
  <properties>
[...]
</properties>
  <testcase name="contextLoads" classname="br.com.Pagamento.PagamentoApplicationTests" time="0.012">
    <system-out><![CDATA[08:21:04.137 [main] INFO org.springframework.test.context.support.AnnotationConfigContextLoaderUtils -- Could not detect default configuration classes for test class [br.com.Pagamento.PagamentoApplicationTests]: PagamentoApplicationTests does not declare any static, non-private, non-final, nested classes annotated with @Configuration.
08:21:04.323 [main] INFO org.springframework.boot.test.context.SpringBootTestContextBootstrapper -- Found @SpringBootConfiguration br.com.Pagamento.PagamentoApplication for test class br.com.Pagamento.PagamentoApplicationTests

  .   ____          _            __ _ _
 /\\ / ___'_ __ _ _(_)_ __  __ _ \ \ \ \
( ( )\___ | '_ | '_| | '_ \/ _` | \ \ \ \
 \\/  ___)| |_)| | | | | || (_| |  ) ) ) )
  '  |____| .__|_| |_|_| |_\__, | / / / /
 =========|_|==============|___/=/_/_/_/
 :: Spring Boot ::                (v3.1.8)

2024-02-02T08:21:04.882-03:00  INFO 6116 --- [           main] b.c.Pagamento.PagamentoApplicationTests  : Starting PagamentoApplicationTests using Java 17.0.10 with PID 6116 (started by bruno.correae in C:\Users\bruno.correae\Downloads\Pagamento\Pagamento)
2024-02-02T08:21:04.885-03:00  INFO 6116 --- [           main] b.c.Pagamento.PagamentoApplicationTests  : No active profile set, falling back to 1 default profile: "default"
2024-02-02T08:21:06.535-03:00  INFO 6116 --- [           main] b.c.Pagamento.PagamentoApplicationTests  : Started PagamentoApplicationTests in 2.046 seconds (process running for 9.396)
]]></system-out>
  </testcase>
</testsuite>