<?xml version="1.0" encoding="UTF-8"?>
<testsuite xmlns:xsi="http://www.w3.org/2001/XMLSchema-instance" xsi:noNamespaceSchemaLocation="https://maven.apache.org/surefire/maven-surefire-plugin/xsd/surefire-test-report-3.0.xsd" version="3.0" name="br.com.Pagamento.Controller.PagamentoControllerTest" time="5.215" tests="2" errors="0" skipped="0" failures="0">
  <properties>
[...]
</properties>
  <testcase name="testGerarLinkPagamento" classname="br.com.Pagamento.Controller.PagamentoControllerTest" time="4.751">
    <system-out><![CDATA[08:21:03.241 [main] INFO org.springframework.mock.web.MockServletContext -- Initializing Spring TestDispatcherServlet ''
08:21:03.247 [main] INFO org.springframework.test.web.servlet.TestDispatcherServlet -- Initializing Servlet ''
08:21:03.259 [main] INFO org.springframework.test.web.servlet.TestDispatcherServlet -- Completed initialization in 8 ms
08:21:03.516 [main] INFO br.com.Pagamento.Controller.PagamentoController -- Gerando link de pagamento.
]]></system-out>
  </testcase>
  <testcase name="testCalcularPagamento" classname="br.com.Pagamento.Controller.PagamentoControllerTest" time="0.385">
    <system-out><![CDATA[08:21:03.646 [main] INFO org.springframework.mock.web.MockServletContext -- Initializing Spring TestDispatcherServlet ''
08:21:03.647 [main] INFO org.springframework.test.web.servlet.TestDispatcherServlet -- Initializing Servlet ''
08:21:03.647 [main] INFO org.springframework.test.web.servlet.TestDispatcherServlet -- Completed initialization in 0 ms
08:21:03.882 [main] INFO br.com.Pagamento.Controller.PagamentoController -- Percentual do pagamento 31.92: 0.84%
08:21:03.883 [main] INFO br.com.Pagamento.Controller.PagamentoController -- Percentual do pagamento 6.08: 0.16%
]]></system-out>
  </testcase>
</testsuite>